{"/home/ocano/ReactProjects/FuelQuote/server/Backend_Modules/LoginRegister/Login.js": {"path":"/home/ocano/ReactProjects/FuelQuote/server/Backend_Modules/LoginRegister/Login.js","statementMap":{"0":{"start":{"line":1,"column":16},"end":{"line":1,"column":34}},"1":{"start":{"line":2,"column":14},"end":{"line":2,"column":23}},"2":{"start":{"line":3,"column":15},"end":{"line":3,"column":32}},"3":{"start":{"line":4,"column":13},"end":{"line":4,"column":28}},"4":{"start":{"line":6,"column":0},"end":{"line":6,"column":18}},"5":{"start":{"line":7,"column":0},"end":{"line":7,"column":26}},"6":{"start":{"line":9,"column":19},"end":{"line":9,"column":68}},"7":{"start":{"line":10,"column":19},"end":{"line":10,"column":68}},"8":{"start":{"line":12,"column":14},"end":{"line":15,"column":1}},"9":{"start":{"line":17,"column":0},"end":{"line":38,"column":3}},"10":{"start":{"line":18,"column":21},"end":{"line":18,"column":38}},"11":{"start":{"line":19,"column":21},"end":{"line":19,"column":38}},"12":{"start":{"line":20,"column":4},"end":{"line":20,"column":26}},"13":{"start":{"line":21,"column":4},"end":{"line":21,"column":26}},"14":{"start":{"line":23,"column":22},"end":{"line":23,"column":69}},"15":{"start":{"line":23,"column":42},"end":{"line":23,"column":68}},"16":{"start":{"line":25,"column":4},"end":{"line":37,"column":5}},"17":{"start":{"line":26,"column":8},"end":{"line":33,"column":9}},"18":{"start":{"line":27,"column":12},"end":{"line":27,"column":44}},"19":{"start":{"line":28,"column":12},"end":{"line":28,"column":109}},"20":{"start":{"line":31,"column":12},"end":{"line":31,"column":40}},"21":{"start":{"line":32,"column":12},"end":{"line":32,"column":64}},"22":{"start":{"line":35,"column":8},"end":{"line":35,"column":43}},"23":{"start":{"line":36,"column":8},"end":{"line":36,"column":67}},"24":{"start":{"line":40,"column":0},"end":{"line":40,"column":23}}},"fnMap":{"0":{"name":"(anonymous_0)","decl":{"start":{"line":17,"column":50},"end":{"line":17,"column":51}},"loc":{"start":{"line":17,"column":64},"end":{"line":38,"column":1}},"line":17},"1":{"name":"(anonymous_1)","decl":{"start":{"line":23,"column":33},"end":{"line":23,"column":34}},"loc":{"start":{"line":23,"column":42},"end":{"line":23,"column":68}},"line":23}},"branchMap":{"0":{"loc":{"start":{"line":26,"column":8},"end":{"line":33,"column":9}},"type":"if","locations":[{"start":{"line":26,"column":8},"end":{"line":33,"column":9}},{"start":{"line":30,"column":13},"end":{"line":33,"column":9}}],"line":26}},"s":{"0":1,"1":1,"2":1,"3":1,"4":1,"5":1,"6":1,"7":1,"8":1,"9":1,"10":5,"11":5,"12":5,"13":5,"14":5,"15":8,"16":5,"17":5,"18":2,"19":2,"20":1,"21":1,"22":2,"23":2,"24":1},"f":{"0":5,"1":8},"b":{"0":[2,1]},"_coverageSchema":"1a1c01bbd47fc00a2c39e90264f33305004495a9","hash":"3ec39c4ec6df3dece205ce336b9d70c5ed933b87"}
,"/home/ocano/ReactProjects/FuelQuote/server/Backend_Modules/LoginRegister/Register.js": {"path":"/home/ocano/ReactProjects/FuelQuote/server/Backend_Modules/LoginRegister/Register.js","statementMap":{"0":{"start":{"line":1,"column":16},"end":{"line":1,"column":34}},"1":{"start":{"line":2,"column":17},"end":{"line":2,"column":26}},"2":{"start":{"line":3,"column":15},"end":{"line":3,"column":32}},"3":{"start":{"line":4,"column":13},"end":{"line":4,"column":28}},"4":{"start":{"line":6,"column":0},"end":{"line":6,"column":21}},"5":{"start":{"line":7,"column":0},"end":{"line":7,"column":29}},"6":{"start":{"line":9,"column":19},"end":{"line":9,"column":68}},"7":{"start":{"line":10,"column":19},"end":{"line":10,"column":68}},"8":{"start":{"line":12,"column":14},"end":{"line":15,"column":1}},"9":{"start":{"line":17,"column":0},"end":{"line":43,"column":3}},"10":{"start":{"line":18,"column":4},"end":{"line":18,"column":47}},"11":{"start":{"line":20,"column":4},"end":{"line":20,"column":49}},"12":{"start":{"line":21,"column":4},"end":{"line":21,"column":49}},"13":{"start":{"line":24,"column":22},"end":{"line":24,"column":78}},"14":{"start":{"line":24,"column":42},"end":{"line":24,"column":77}},"15":{"start":{"line":25,"column":4},"end":{"line":42,"column":5}},"16":{"start":{"line":26,"column":22},"end":{"line":26,"column":49}},"17":{"start":{"line":27,"column":24},"end":{"line":32,"column":9}},"18":{"start":{"line":33,"column":8},"end":{"line":33,"column":28}},"19":{"start":{"line":34,"column":8},"end":{"line":34,"column":63}},"20":{"start":{"line":35,"column":8},"end":{"line":35,"column":27}},"21":{"start":{"line":37,"column":8},"end":{"line":37,"column":92}},"22":{"start":{"line":40,"column":8},"end":{"line":40,"column":81}},"23":{"start":{"line":41,"column":8},"end":{"line":41,"column":105}},"24":{"start":{"line":45,"column":0},"end":{"line":45,"column":26}}},"fnMap":{"0":{"name":"(anonymous_0)","decl":{"start":{"line":17,"column":56},"end":{"line":17,"column":57}},"loc":{"start":{"line":17,"column":70},"end":{"line":43,"column":1}},"line":17},"1":{"name":"(anonymous_1)","decl":{"start":{"line":24,"column":33},"end":{"line":24,"column":34}},"loc":{"start":{"line":24,"column":42},"end":{"line":24,"column":77}},"line":24}},"branchMap":{"0":{"loc":{"start":{"line":25,"column":4},"end":{"line":42,"column":5}},"type":"if","locations":[{"start":{"line":25,"column":4},"end":{"line":42,"column":5}},{"start":{"line":39,"column":9},"end":{"line":42,"column":5}}],"line":25}},"s":{"0":1,"1":1,"2":1,"3":1,"4":1,"5":1,"6":1,"7":1,"8":1,"9":1,"10":4,"11":4,"12":4,"13":4,"14":10,"15":4,"16":3,"17":3,"18":3,"19":3,"20":3,"21":3,"22":1,"23":1,"24":1},"f":{"0":4,"1":10},"b":{"0":[3,1]},"_coverageSchema":"1a1c01bbd47fc00a2c39e90264f33305004495a9","hash":"e61584c1dd324b09af76caab7492187d7c7f8ad6"}
,"/home/ocano/ReactProjects/FuelQuote/server/Middlewares/validationMiddleware.js": {"path":"/home/ocano/ReactProjects/FuelQuote/server/Middlewares/validationMiddleware.js","statementMap":{"0":{"start":{"line":1,"column":19},"end":{"line":11,"column":1}},"1":{"start":{"line":1,"column":31},"end":{"line":11,"column":1}},"2":{"start":{"line":2,"column":17},"end":{"line":2,"column":25}},"3":{"start":{"line":4,"column":4},"end":{"line":10,"column":5}},"4":{"start":{"line":5,"column":8},"end":{"line":5,"column":36}},"5":{"start":{"line":6,"column":8},"end":{"line":6,"column":15}},"6":{"start":{"line":9,"column":8},"end":{"line":9,"column":63}},"7":{"start":{"line":13,"column":0},"end":{"line":13,"column":28}}},"fnMap":{"0":{"name":"(anonymous_0)","decl":{"start":{"line":1,"column":19},"end":{"line":1,"column":20}},"loc":{"start":{"line":1,"column":31},"end":{"line":11,"column":1}},"line":1},"1":{"name":"(anonymous_1)","decl":{"start":{"line":1,"column":31},"end":{"line":1,"column":32}},"loc":{"start":{"line":1,"column":57},"end":{"line":11,"column":1}},"line":1}},"branchMap":{},"s":{"0":2,"1":2,"2":15,"3":15,"4":15,"5":9,"6":6,"7":2},"f":{"0":2,"1":15},"b":{},"_coverageSchema":"1a1c01bbd47fc00a2c39e90264f33305004495a9","hash":"4d8e93f1eadd5e0740a4c3a29441a0e624ef8ad7"}
,"/home/ocano/ReactProjects/FuelQuote/server/Validations/credentialValidation.js": {"path":"/home/ocano/ReactProjects/FuelQuote/server/Validations/credentialValidation.js","statementMap":{"0":{"start":{"line":1,"column":12},"end":{"line":1,"column":26}},"1":{"start":{"line":3,"column":19},"end":{"line":6,"column":2}},"2":{"start":{"line":8,"column":0},"end":{"line":8,"column":28}}},"fnMap":{},"branchMap":{},"s":{"0":2,"1":2,"2":2},"f":{},"b":{},"_coverageSchema":"1a1c01bbd47fc00a2c39e90264f33305004495a9","hash":"5d8ace13253ce13559bde68b1c0c58d6a30c48f4"}
}
