{"/home/ocano/ReactProjects/FuelQuote/server/database.js": {"path":"/home/ocano/ReactProjects/FuelQuote/server/database.js","statementMap":{"0":{"start":{"line":1,"column":14},"end":{"line":1,"column":30}},"1":{"start":{"line":3,"column":19},"end":{"line":10,"column":1}},"2":{"start":{"line":54,"column":0},"end":{"line":54,"column":28}}},"fnMap":{},"branchMap":{},"s":{"0":2,"1":2,"2":2},"f":{},"b":{},"_coverageSchema":"1a1c01bbd47fc00a2c39e90264f33305004495a9","hash":"210d52ffb141ad6777585ac3d7a906d35b784d13"}
,"/home/ocano/ReactProjects/FuelQuote/server/Backend_Modules/FuelQuote/FuelQuote.js": {"path":"/home/ocano/ReactProjects/FuelQuote/server/Backend_Modules/FuelQuote/FuelQuote.js","statementMap":{"0":{"start":{"line":1,"column":16},"end":{"line":1,"column":34}},"1":{"start":{"line":2,"column":18},"end":{"line":2,"column":27}},"2":{"start":{"line":4,"column":13},"end":{"line":4,"column":28}},"3":{"start":{"line":6,"column":0},"end":{"line":6,"column":22}},"4":{"start":{"line":7,"column":0},"end":{"line":7,"column":30}},"5":{"start":{"line":9,"column":13},"end":{"line":9,"column":34}},"6":{"start":{"line":11,"column":0},"end":{"line":23,"column":3}},"7":{"start":{"line":12,"column":2},"end":{"line":12,"column":17}},"8":{"start":{"line":25,"column":0},"end":{"line":25,"column":27}}},"fnMap":{"0":{"name":"(anonymous_0)","decl":{"start":{"line":11,"column":32},"end":{"line":11,"column":33}},"loc":{"start":{"line":11,"column":46},"end":{"line":23,"column":1}},"line":11}},"branchMap":{},"s":{"0":1,"1":1,"2":1,"3":1,"4":1,"5":1,"6":1,"7":2,"8":1},"f":{"0":2},"b":{},"_coverageSchema":"1a1c01bbd47fc00a2c39e90264f33305004495a9","hash":"495d06f1bd8fbfa0cbedeb9aa3a3ee610acb7438"}
,"/home/ocano/ReactProjects/FuelQuote/server/Backend_Modules/FuelQuote/MockData.js": {"path":"/home/ocano/ReactProjects/FuelQuote/server/Backend_Modules/FuelQuote/MockData.js","statementMap":{"0":{"start":{"line":3,"column":13},"end":{"line":172,"column":3}},"1":{"start":{"line":174,"column":2},"end":{"line":174,"column":24}}},"fnMap":{},"branchMap":{},"s":{"0":1,"1":1},"f":{},"b":{},"_coverageSchema":"1a1c01bbd47fc00a2c39e90264f33305004495a9","hash":"67678ba08abe9ab760579d3ca288baee0e34b87b"}
,"/home/ocano/ReactProjects/FuelQuote/server/Backend_Modules/LoginRegister/Login.js": {"path":"/home/ocano/ReactProjects/FuelQuote/server/Backend_Modules/LoginRegister/Login.js","statementMap":{"0":{"start":{"line":1,"column":16},"end":{"line":1,"column":34}},"1":{"start":{"line":2,"column":14},"end":{"line":2,"column":23}},"2":{"start":{"line":3,"column":15},"end":{"line":3,"column":32}},"3":{"start":{"line":4,"column":13},"end":{"line":4,"column":28}},"4":{"start":{"line":5,"column":24},"end":{"line":5,"column":49}},"5":{"start":{"line":8,"column":0},"end":{"line":8,"column":18}},"6":{"start":{"line":9,"column":0},"end":{"line":9,"column":26}},"7":{"start":{"line":11,"column":19},"end":{"line":11,"column":68}},"8":{"start":{"line":12,"column":19},"end":{"line":12,"column":68}},"9":{"start":{"line":14,"column":0},"end":{"line":58,"column":3}},"10":{"start":{"line":15,"column":21},"end":{"line":15,"column":38}},"11":{"start":{"line":16,"column":21},"end":{"line":16,"column":38}},"12":{"start":{"line":17,"column":4},"end":{"line":17,"column":26}},"13":{"start":{"line":18,"column":4},"end":{"line":18,"column":26}},"14":{"start":{"line":20,"column":4},"end":{"line":56,"column":9}},"15":{"start":{"line":21,"column":8},"end":{"line":51,"column":11}},"16":{"start":{"line":23,"column":12},"end":{"line":50,"column":13}},"17":{"start":{"line":25,"column":37},"end":{"line":25,"column":55}},"18":{"start":{"line":26,"column":31},"end":{"line":26,"column":48}},"19":{"start":{"line":27,"column":16},"end":{"line":27,"column":36}},"20":{"start":{"line":28,"column":38},"end":{"line":28,"column":82}},"21":{"start":{"line":29,"column":16},"end":{"line":44,"column":17}},"22":{"start":{"line":30,"column":20},"end":{"line":30,"column":52}},"23":{"start":{"line":31,"column":20},"end":{"line":39,"column":23}},"24":{"start":{"line":33,"column":40},"end":{"line":33,"column":44}},"25":{"start":{"line":34,"column":24},"end":{"line":35,"column":46}},"26":{"start":{"line":35,"column":28},"end":{"line":35,"column":46}},"27":{"start":{"line":36,"column":24},"end":{"line":36,"column":44}},"28":{"start":{"line":37,"column":24},"end":{"line":37,"column":88}},"29":{"start":{"line":38,"column":24},"end":{"line":38,"column":105}},"30":{"start":{"line":42,"column":20},"end":{"line":42,"column":48}},"31":{"start":{"line":43,"column":20},"end":{"line":43,"column":72}},"32":{"start":{"line":48,"column":16},"end":{"line":48,"column":51}},"33":{"start":{"line":49,"column":16},"end":{"line":49,"column":75}},"34":{"start":{"line":54,"column":12},"end":{"line":54,"column":31}},"35":{"start":{"line":55,"column":12},"end":{"line":55,"column":32}},"36":{"start":{"line":60,"column":0},"end":{"line":60,"column":23}}},"fnMap":{"0":{"name":"(anonymous_0)","decl":{"start":{"line":14,"column":50},"end":{"line":14,"column":51}},"loc":{"start":{"line":14,"column":70},"end":{"line":58,"column":1}},"line":14},"1":{"name":"(anonymous_1)","decl":{"start":{"line":22,"column":8},"end":{"line":22,"column":9}},"loc":{"start":{"line":22,"column":31},"end":{"line":51,"column":9}},"line":22},"2":{"name":"(anonymous_2)","decl":{"start":{"line":32,"column":20},"end":{"line":32,"column":21}},"loc":{"start":{"line":32,"column":37},"end":{"line":39,"column":21}},"line":32}},"branchMap":{"0":{"loc":{"start":{"line":23,"column":12},"end":{"line":50,"column":13}},"type":"if","locations":[{"start":{"line":23,"column":12},"end":{"line":50,"column":13}},{"start":{"line":47,"column":12},"end":{"line":50,"column":13}}],"line":23},"1":{"loc":{"start":{"line":29,"column":16},"end":{"line":44,"column":17}},"type":"if","locations":[{"start":{"line":29,"column":16},"end":{"line":44,"column":17}},{"start":{"line":41,"column":21},"end":{"line":44,"column":17}}],"line":29},"2":{"loc":{"start":{"line":34,"column":24},"end":{"line":35,"column":46}},"type":"if","locations":[{"start":{"line":34,"column":24},"end":{"line":35,"column":46}},{"start":{},"end":{}}],"line":34}},"s":{"0":1,"1":1,"2":1,"3":1,"4":1,"5":1,"6":1,"7":1,"8":1,"9":1,"10":5,"11":5,"12":5,"13":5,"14":5,"15":5,"16":5,"17":4,"18":4,"19":4,"20":4,"21":4,"22":3,"23":3,"24":3,"25":3,"26":2,"27":3,"28":3,"29":3,"30":1,"31":1,"32":1,"33":1,"34":0,"35":0,"36":1},"f":{"0":5,"1":5,"2":3},"b":{"0":[4,1],"1":[3,1],"2":[2,1]},"_coverageSchema":"1a1c01bbd47fc00a2c39e90264f33305004495a9","hash":"53616f348183ecba135fdb7a83015203e4b22802"}
,"/home/ocano/ReactProjects/FuelQuote/server/Backend_Modules/LoginRegister/Register.js": {"path":"/home/ocano/ReactProjects/FuelQuote/server/Backend_Modules/LoginRegister/Register.js","statementMap":{"0":{"start":{"line":1,"column":16},"end":{"line":1,"column":34}},"1":{"start":{"line":2,"column":17},"end":{"line":2,"column":26}},"2":{"start":{"line":3,"column":15},"end":{"line":3,"column":32}},"3":{"start":{"line":4,"column":13},"end":{"line":4,"column":28}},"4":{"start":{"line":5,"column":19},"end":{"line":5,"column":21}},"5":{"start":{"line":6,"column":24},"end":{"line":6,"column":49}},"6":{"start":{"line":8,"column":0},"end":{"line":8,"column":21}},"7":{"start":{"line":9,"column":0},"end":{"line":9,"column":29}},"8":{"start":{"line":11,"column":19},"end":{"line":11,"column":68}},"9":{"start":{"line":12,"column":19},"end":{"line":12,"column":68}},"10":{"start":{"line":14,"column":0},"end":{"line":49,"column":3}},"11":{"start":{"line":15,"column":4},"end":{"line":15,"column":47}},"12":{"start":{"line":17,"column":4},"end":{"line":17,"column":49}},"13":{"start":{"line":19,"column":4},"end":{"line":19,"column":73}},"14":{"start":{"line":20,"column":4},"end":{"line":20,"column":49}},"15":{"start":{"line":23,"column":4},"end":{"line":47,"column":9}},"16":{"start":{"line":24,"column":8},"end":{"line":42,"column":11}},"17":{"start":{"line":26,"column":12},"end":{"line":41,"column":13}},"18":{"start":{"line":28,"column":16},"end":{"line":28,"column":89}},"19":{"start":{"line":29,"column":16},"end":{"line":29,"column":113}},"20":{"start":{"line":34,"column":16},"end":{"line":40,"column":18}},"21":{"start":{"line":37,"column":24},"end":{"line":37,"column":84}},"22":{"start":{"line":38,"column":24},"end":{"line":38,"column":109}},"23":{"start":{"line":45,"column":12},"end":{"line":45,"column":31}},"24":{"start":{"line":46,"column":12},"end":{"line":46,"column":32}},"25":{"start":{"line":51,"column":0},"end":{"line":51,"column":26}}},"fnMap":{"0":{"name":"(anonymous_0)","decl":{"start":{"line":14,"column":56},"end":{"line":14,"column":57}},"loc":{"start":{"line":14,"column":76},"end":{"line":49,"column":1}},"line":14},"1":{"name":"(anonymous_1)","decl":{"start":{"line":25,"column":8},"end":{"line":25,"column":9}},"loc":{"start":{"line":25,"column":25},"end":{"line":42,"column":9}},"line":25},"2":{"name":"(anonymous_2)","decl":{"start":{"line":36,"column":16},"end":{"line":36,"column":17}},"loc":{"start":{"line":36,"column":33},"end":{"line":39,"column":21}},"line":36}},"branchMap":{"0":{"loc":{"start":{"line":26,"column":12},"end":{"line":41,"column":13}},"type":"if","locations":[{"start":{"line":26,"column":12},"end":{"line":41,"column":13}},{"start":{"line":33,"column":12},"end":{"line":41,"column":13}}],"line":26}},"s":{"0":1,"1":1,"2":1,"3":1,"4":1,"5":1,"6":1,"7":1,"8":1,"9":1,"10":1,"11":4,"12":4,"13":4,"14":4,"15":4,"16":4,"17":4,"18":3,"19":3,"20":1,"21":1,"22":1,"23":0,"24":0,"25":1},"f":{"0":4,"1":4,"2":1},"b":{"0":[3,1]},"_coverageSchema":"1a1c01bbd47fc00a2c39e90264f33305004495a9","hash":"1ad814662509ee45f378f1f5c1f1f3b13ec8afb3"}
,"/home/ocano/ReactProjects/FuelQuote/server/Middlewares/validationMiddleware.js": {"path":"/home/ocano/ReactProjects/FuelQuote/server/Middlewares/validationMiddleware.js","statementMap":{"0":{"start":{"line":1,"column":19},"end":{"line":11,"column":1}},"1":{"start":{"line":1,"column":31},"end":{"line":11,"column":1}},"2":{"start":{"line":2,"column":17},"end":{"line":2,"column":25}},"3":{"start":{"line":4,"column":4},"end":{"line":10,"column":5}},"4":{"start":{"line":5,"column":8},"end":{"line":5,"column":36}},"5":{"start":{"line":6,"column":8},"end":{"line":6,"column":15}},"6":{"start":{"line":9,"column":8},"end":{"line":9,"column":63}},"7":{"start":{"line":13,"column":0},"end":{"line":13,"column":28}}},"fnMap":{"0":{"name":"(anonymous_0)","decl":{"start":{"line":1,"column":19},"end":{"line":1,"column":20}},"loc":{"start":{"line":1,"column":31},"end":{"line":11,"column":1}},"line":1},"1":{"name":"(anonymous_1)","decl":{"start":{"line":1,"column":31},"end":{"line":1,"column":32}},"loc":{"start":{"line":1,"column":57},"end":{"line":11,"column":1}},"line":1}},"branchMap":{},"s":{"0":2,"1":2,"2":15,"3":15,"4":15,"5":9,"6":6,"7":2},"f":{"0":2,"1":15},"b":{},"_coverageSchema":"1a1c01bbd47fc00a2c39e90264f33305004495a9","hash":"4d8e93f1eadd5e0740a4c3a29441a0e624ef8ad7"}
,"/home/ocano/ReactProjects/FuelQuote/server/Validations/credentialValidation.js": {"path":"/home/ocano/ReactProjects/FuelQuote/server/Validations/credentialValidation.js","statementMap":{"0":{"start":{"line":1,"column":12},"end":{"line":1,"column":26}},"1":{"start":{"line":3,"column":19},"end":{"line":6,"column":2}},"2":{"start":{"line":8,"column":0},"end":{"line":8,"column":28}}},"fnMap":{},"branchMap":{},"s":{"0":2,"1":2,"2":2},"f":{},"b":{},"_coverageSchema":"1a1c01bbd47fc00a2c39e90264f33305004495a9","hash":"5d8ace13253ce13559bde68b1c0c58d6a30c48f4"}
}
