TN:
SF:Backend_Modules/LoginRegister/Login.js
FN:17,(anonymous_0)
FN:23,(anonymous_1)
FNF:2
FNH:2
FNDA:5,(anonymous_0)
FNDA:8,(anonymous_1)
DA:1,1
DA:2,1
DA:3,1
DA:4,1
DA:6,1
DA:7,1
DA:9,1
DA:10,1
DA:12,1
DA:17,1
DA:18,5
DA:19,5
DA:20,5
DA:21,5
DA:23,8
DA:25,5
DA:26,5
DA:27,2
DA:28,2
DA:31,1
DA:32,1
DA:35,2
DA:36,2
DA:40,1
LF:24
LH:24
BRDA:26,0,0,2
BRDA:26,0,1,1
BRF:2
BRH:2
end_of_record
TN:
SF:Backend_Modules/LoginRegister/Register.js
FN:17,(anonymous_0)
FN:24,(anonymous_1)
FNF:2
FNH:2
FNDA:4,(anonymous_0)
FNDA:10,(anonymous_1)
DA:1,1
DA:2,1
DA:3,1
DA:4,1
DA:6,1
DA:7,1
DA:9,1
DA:10,1
DA:12,1
DA:17,1
DA:18,4
DA:20,4
DA:21,4
DA:24,10
DA:25,4
DA:26,3
DA:27,3
DA:33,3
DA:34,3
DA:35,3
DA:37,3
DA:40,1
DA:41,1
DA:45,1
LF:24
LH:24
BRDA:25,0,0,3
BRDA:25,0,1,1
BRF:2
BRH:2
end_of_record
TN:
SF:Middlewares/validationMiddleware.js
FN:1,(anonymous_0)
FN:1,(anonymous_1)
FNF:2
FNH:2
FNDA:2,(anonymous_0)
FNDA:15,(anonymous_1)
DA:1,2
DA:2,15
DA:4,15
DA:5,15
DA:6,9
DA:9,6
DA:13,2
LF:7
LH:7
BRF:0
BRH:0
end_of_record
TN:
SF:Validations/credentialValidation.js
FNF:0
FNH:0
DA:1,2
DA:3,2
DA:8,2
LF:3
LH:3
BRF:0
BRH:0
end_of_record
