TN:
SF:database.js
FNF:0
FNH:0
DA:1,2
DA:3,2
DA:54,2
LF:3
LH:3
BRF:0
BRH:0
end_of_record
TN:
SF:Backend_Modules/FuelQuote/FuelQuote.js
FN:11,(anonymous_0)
FNF:1
FNH:1
FNDA:2,(anonymous_0)
DA:1,1
DA:2,1
DA:4,1
DA:6,1
DA:7,1
DA:9,1
DA:11,1
DA:12,2
DA:25,1
LF:9
LH:9
BRF:0
BRH:0
end_of_record
TN:
SF:Backend_Modules/FuelQuote/MockData.js
FNF:0
FNH:0
DA:3,1
DA:174,1
LF:2
LH:2
BRF:0
BRH:0
end_of_record
TN:
SF:Backend_Modules/LoginRegister/Login.js
FN:14,(anonymous_0)
FN:22,(anonymous_1)
FN:32,(anonymous_2)
FNF:3
FNH:3
FNDA:5,(anonymous_0)
FNDA:5,(anonymous_1)
FNDA:3,(anonymous_2)
DA:1,1
DA:2,1
DA:3,1
DA:4,1
DA:5,1
DA:8,1
DA:9,1
DA:11,1
DA:12,1
DA:14,1
DA:15,5
DA:16,5
DA:17,5
DA:18,5
DA:20,5
DA:21,5
DA:23,5
DA:25,4
DA:26,4
DA:27,4
DA:28,4
DA:29,4
DA:30,3
DA:31,3
DA:33,3
DA:34,3
DA:35,2
DA:36,3
DA:37,3
DA:38,3
DA:42,1
DA:43,1
DA:48,1
DA:49,1
DA:54,0
DA:55,0
DA:60,1
LF:37
LH:35
BRDA:23,0,0,4
BRDA:23,0,1,1
BRDA:29,1,0,3
BRDA:29,1,1,1
BRDA:34,2,0,2
BRDA:34,2,1,1
BRF:6
BRH:6
end_of_record
TN:
SF:Backend_Modules/LoginRegister/Register.js
FN:14,(anonymous_0)
FN:25,(anonymous_1)
FN:36,(anonymous_2)
FNF:3
FNH:3
FNDA:4,(anonymous_0)
FNDA:4,(anonymous_1)
FNDA:1,(anonymous_2)
DA:1,1
DA:2,1
DA:3,1
DA:4,1
DA:5,1
DA:6,1
DA:8,1
DA:9,1
DA:11,1
DA:12,1
DA:14,1
DA:15,4
DA:17,4
DA:19,4
DA:20,4
DA:23,4
DA:24,4
DA:26,4
DA:28,3
DA:29,3
DA:34,1
DA:37,1
DA:38,1
DA:45,0
DA:46,0
DA:51,1
LF:26
LH:24
BRDA:26,0,0,3
BRDA:26,0,1,1
BRF:2
BRH:2
end_of_record
TN:
SF:Middlewares/validationMiddleware.js
FN:1,(anonymous_0)
FN:1,(anonymous_1)
FNF:2
FNH:2
FNDA:2,(anonymous_0)
FNDA:15,(anonymous_1)
DA:1,2
DA:2,15
DA:4,15
DA:5,15
DA:6,9
DA:9,6
DA:13,2
LF:7
LH:7
BRF:0
BRH:0
end_of_record
TN:
SF:Validations/credentialValidation.js
FNF:0
FNH:0
DA:1,2
DA:3,2
DA:8,2
LF:3
LH:3
BRF:0
BRH:0
end_of_record
